<?xml version="1.0" encoding="UTF-8" ?>
<testsuite failures="0" time="0.132" errors="0" skipped="0" tests="4" name="com.asiainfo.ctc.eda.Mail.Test">
  <properties>
[...]
</properties>
  <testcase time="0.003" classname="com.asiainfo.ctc.eda.Mail.Test" name="test"/>
  <testcase time="0" classname="com.asiainfo.ctc.eda.Mail.Test" name="formatTest"/>
  <testcase time="0.002" classname="com.asiainfo.ctc.eda.Mail.Test" name="numberFormat"/>
  <testcase time="0.019" classname="com.asiainfo.ctc.eda.Mail.Test" name="dateTest"/>
</testsuite>